{"/Users/user/WebstormProjects/-configapi-configapi-validator/packages/openapi-schema-validator/index.ts": {"path":"/Users/user/WebstormProjects/-configapi-configapi-validator/packages/openapi-schema-validator/index.ts","statementMap":{"0":{"start":{"line":1,"column":0},"end":{"line":1,"column":57}},"1":{"start":{"line":2,"column":0},"end":{"line":2,"column":37}},"2":{"start":{"line":3,"column":23},"end":{"line":3,"column":62}},"3":{"start":{"line":4,"column":23},"end":{"line":4,"column":62}},"4":{"start":{"line":5,"column":14},"end":{"line":5,"column":37}},"5":{"start":{"line":25,"column":0},"end":{"line":25,"column":null}},"6":{"start":{"line":28,"column":14},"end":{"line":28,"column":57}},"7":{"start":{"line":29,"column":4},"end":{"line":29,"column":18}},"8":{"start":{"line":30,"column":20},"end":{"line":30,"column":69}},"9":{"start":{"line":31,"column":19},"end":{"line":34,"column":null}},"10":{"start":{"line":36,"column":4},"end":{"line":36,"column":24}},"11":{"start":{"line":37,"column":4},"end":{"line":37,"column":39}},"12":{"start":{"line":40,"column":9},"end":{"line":46,"column":null}},"13":{"start":{"line":41,"column":4},"end":{"line":45,"column":null}},"14":{"start":{"line":42,"column":6},"end":{"line":42,"column":47}},"15":{"start":{"line":44,"column":6},"end":{"line":44,"column":28}},"16":{"start":{"line":47,"column":0},"end":{"line":47,"column":null}}},"fnMap":{"0":{"name":"(anonymous_0)","decl":{"start":{"line":25,"column":0},"end":{"line":25,"column":null}},"loc":{"start":{"line":25,"column":0},"end":{"line":47,"column":null}}},"1":{"name":"OpenAPISchemaValidator","decl":{"start":{"line":27,"column":2},"end":{"line":27,"column":14}},"loc":{"start":{"line":27,"column":46},"end":{"line":38,"column":3}}},"2":{"name":"(anonymous_2)","decl":{"start":{"line":40,"column":2},"end":{"line":40,"column":9}},"loc":{"start":{"line":40,"column":46},"end":{"line":46,"column":3}}}},"branchMap":{"0":{"loc":{"start":{"line":30,"column":21},"end":{"line":30,"column":25}},"type":"binary-expr","locations":[{"start":{"line":30,"column":21},"end":{"line":30,"column":25}},{"start":{"line":30,"column":29},"end":{"line":30,"column":63}},{"start":{"line":30,"column":68},"end":{"line":30,"column":69}}]},"1":{"loc":{"start":{"line":33,"column":22},"end":{"line":33,"column":36}},"type":"cond-expr","locations":[{"start":{"line":33,"column":22},"end":{"line":33,"column":36}},{"start":{"line":33,"column":39},"end":{"line":33,"column":53}}]},"2":{"loc":{"start":{"line":34,"column":13},"end":{"line":34,"column":28}},"type":"cond-expr","locations":[{"start":{"line":34,"column":13},"end":{"line":34,"column":28}},{"start":{"line":34,"column":31},"end":{"line":34,"column":33}}]},"3":{"loc":{"start":{"line":41,"column":4},"end":{"line":45,"column":null}},"type":"if","locations":[{"start":{"line":41,"column":4},"end":{"line":45,"column":null}},{"start":{"line":41,"column":4},"end":{"line":45,"column":null}}]}},"s":{"0":1,"1":1,"2":0,"3":0,"4":0,"5":0,"6":0,"7":0,"8":0,"9":0,"10":0,"11":0,"12":0,"13":0,"14":0,"15":0,"16":0},"f":{"0":0,"1":0,"2":0},"b":{"0":[0,0,0],"1":[0,0],"2":[0,0],"3":[0,0]}}
}
